[0mGET /api/userAuth?Auth=7620E6303A7E40FCBFAC8004F8D01BD5 [33m404[0m 1.290 ms - 151[0m
[0mGET /api/userAuth?Auth=7620E6303A7E40FCBFAC8004F8D01BD5 [33m404[0m 0.546 ms - 151[0m
[0mGET /favicon.ico [33m404[0m 0.900 ms - 150[0m
[0mGET /api/visitedPlaces [33m404[0m 1.617 ms - 156[0m
[0mGET /favicon.ico [33m404[0m 0.853 ms - 150[0m
[0mGET /favicon.ico [33m404[0m 1.345 ms - 150[0m
[0mGET /favicon.ico [33m404[0m 1.122 ms - 150[0m
[0mGET /imageURL/retailers/imageNotFound.jpg [36m304[0m 3.656 ms - -[0m
[0mGET /imageURL/visitedPlace/imageNotFound.jpg [32m200[0m 5.292 ms - 14085[0m
[0mGET /imageURL/visitedPlace/imageNotFound.jpg [36m304[0m 1.941 ms - -[0m
[0mGET /imageURL/visitedPlace/imageNotFound.jpg [36m304[0m 1.954 ms - -[0m
[0mGET /imageURL/visitedPlace/imageNotFound.jpg [36m304[0m 0.454 ms - -[0m
[0mGET /imageURL/visitedPlace/imageNotFound.jpg [36m304[0m 0.646 ms - -[0m
[0mGET /imageURL/products/imageNotFound.jpg [36m304[0m 0.317 ms - -[0m
[0mGET /imageURL/products/imageNotFound.jpg [36m304[0m 0.383 ms - -[0m
[0mGET /imageURL/products/imageNotFound.jpg [36m304[0m 0.260 ms - -[0m
[0mGET /imageURL/products/imageNotFound.jpg [36m304[0m 0.373 ms - -[0m
[0mGET /imageURL/products/imageNotFound.jpg [36m304[0m 0.379 ms - -[0m
[0mGET /imageURL/products/imageNotFound.jpg [36m304[0m 1.750 ms - -[0m
[0mGET /imageURL/products/imageNotFound.jpg [36m304[0m 0.307 ms - -[0m
[0mGET /imageURL/products/imageNotFound.jpg [36m304[0m 0.346 ms - -[0m
[0mGET /imageURL/products/imageNotFound.jpg [36m304[0m 0.296 ms - -[0m
[0mGET /imageURL/retailers/imageNotFound.jpg [36m304[0m 0.782 ms - -[0m
[0mGET /imageURL/products/imageNotFound.jpg [36m304[0m 0.564 ms - -[0m
[0mGET /imageURL/products/imageNotFound.jpg [36m304[0m 1.222 ms - -[0m
[0mGET /imageURL/products/imageNotFound.jpg [36m304[0m 0.329 ms - -[0m
[0mGET /imageURL/products/imageNotFound.jpg [36m304[0m 0.283 ms - -[0m
[0mGET /imageURL/products/imageNotFound.jpg [36m304[0m 0.406 ms - -[0m
[0mGET /imageURL/products/imageNotFound.jpg [36m304[0m 0.245 ms - -[0m
[0mGET /imageURL/products/imageNotFound.jpg [36m304[0m 1.113 ms - -[0m
[0mGET /imageURL/products/imageNotFound.jpg [36m304[0m 1.109 ms - -[0m
[0mGET /imageURL/products/imageNotFound.jpg [36m304[0m 0.400 ms - -[0m
[0mGET /imageURL/retailers/imageNotFound.jpg [36m304[0m 1.955 ms - -[0m
[0mGET /imageURL/visitedPlace/imageNotFound.jpg [36m304[0m 1.777 ms - -[0m
[0mGET /imageURL/products/imageNotFound.jpg [36m304[0m 0.369 ms - -[0m
[0mGET /imageURL/products/imageNotFound.jpg [36m304[0m 0.660 ms - -[0m
[0mGET /imageURL/products/imageNotFound.jpg [36m304[0m 1.189 ms - -[0m
[0mGET /imageURL/products/imageNotFound.jpg [36m304[0m 2.946 ms - -[0m
[0mGET /imageURL/products/imageNotFound.jpg [36m304[0m 1.128 ms - -[0m
[0mGET /imageURL/products/imageNotFound.jpg [36m304[0m 0.782 ms - -[0m
[0mGET /imageURL/products/imageNotFound.jpg [36m304[0m 0.346 ms - -[0m
[0mGET /imageURL/retailers/imageNotFound.jpg [36m304[0m 1.204 ms - -[0m
[0mGET /imageURL/products/imageNotFound.jpg [36m304[0m 0.556 ms - -[0m
[0mGET /imageURL/retailers/imageNotFound.jpg [36m304[0m 0.336 ms - -[0m
[0mGET /imageURL/retailers/imageNotFound.jpg [36m304[0m 0.349 ms - -[0m
[0mGET /imageURL/retailers/imageNotFound.jpg [36m304[0m 0.230 ms - -[0m
[0mGET /imageURL/retailers/imageNotFound.jpg [36m304[0m 0.361 ms - -[0m
[0mGET /imageURL/retailers/imageNotFound.jpg [36m304[0m 0.436 ms - -[0m
[0mGET /imageURL/retailers/imageNotFound.jpg [36m304[0m 0.228 ms - -[0m
[0mGET /imageURL/retailers/imageNotFound.jpg [36m304[0m 0.404 ms - -[0m
[0mGET /imageURL/products/imageNotFound.jpg [36m304[0m 0.582 ms - -[0m
[0mGET /imageURL/visitedPlace/2024-05-15T13-18-51.812Z_mrousavy6518274420401651700.jpg [32m200[0m 4.812 ms - 3603918[0m
[0mGET /imageURL/products/imageNotFound.jpg [36m304[0m 1.182 ms - -[0m
[0mGET /imageURL/products/imageNotFound.jpg [36m304[0m 0.352 ms - -[0m
[0mGET /imageURL/products/imageNotFound.jpg [36m304[0m 0.403 ms - -[0m
[0mGET /imageURL/retailers/imageNotFound.jpg [36m304[0m 0.835 ms - -[0m
[0mGET /imageURL/products/imageNotFound.jpg [36m304[0m 0.538 ms - -[0m
[0mGET /imageURL/products/imageNotFound.jpg [36m304[0m 0.371 ms - -[0m
[0mGET /imageURL/retailers/imageNotFound.jpg [36m304[0m 0.447 ms - -[0m
[0mGET /imageURL/products/imageNotFound.jpg [36m304[0m 0.421 ms - -[0m
[0mGET /imageURL/retailers/imageNotFound.jpg [36m304[0m 0.385 ms - -[0m
[0mGET /favicon.ico [33m404[0m 0.680 ms - 150[0m
[0mGET /imageURL/retailers/imageNotFound.jpg [36m304[0m 0.321 ms - -[0m
[0mGET /imageURL/products/imageNotFound.jpg [36m304[0m 0.344 ms - -[0m
[0mGET /imageURL/retailers/imageNotFound.jpg [36m304[0m 0.284 ms - -[0m
[0mGET /imageURL/products/imageNotFound.jpg [36m304[0m 0.366 ms - -[0m
[0mGET /imageURL/retailers/imageNotFound.jpg [36m304[0m 0.248 ms - -[0m
[0mGET /imageURL/products/imageNotFound.jpg [36m304[0m 0.337 ms - -[0m
[0mGET /imageURL/retailers/imageNotFound.jpg [36m304[0m 0.247 ms - -[0m
[0mGET /imageURL/retailers/imageNotFound.jpg [36m304[0m 0.310 ms - -[0m
[0mGET /imageURL/retailers/imageNotFound.jpg [36m304[0m 0.220 ms - -[0m
[0mGET /imageURL/products/imageNotFound.jpg [36m304[0m 0.568 ms - -[0m
[0mGET /imageURL/retailers/imageNotFound.jpg [36m304[0m 0.270 ms - -[0m
[0mGET /imageURL/products/imageNotFound.jpg [36m304[0m 0.586 ms - -[0m
[0mGET /imageURL/retailers/imageNotFound.jpg [36m304[0m 0.357 ms - -[0m
[0mGET /imageURL/retailers/imageNotFound.jpg [36m304[0m 0.324 ms - -[0m
[0mGET /imageURL/retailers/imageNotFound.jpg [36m304[0m 0.215 ms - -[0m
[0mGET /imageURL/retailers/imageNotFound.jpg [36m304[0m 0.253 ms - -[0m
[0mGET /imageURL/retailers/imageNotFound.jpg [36m304[0m 0.264 ms - -[0m
[0mGET /imageURL/retailers/imageNotFound.jpg [36m304[0m 0.288 ms - -[0m
[0mGET /imageURL/products/imageNotFound.jpg [36m304[0m 0.358 ms - -[0m
[0mGET /imageURL/retailers/imageNotFound.jpg [36m304[0m 0.309 ms - -[0m
[0mGET /imageURL/retailers/imageNotFound.jpg [36m304[0m 0.301 ms - -[0m
[0mGET /imageURL/products/imageNotFound.jpg [36m304[0m 0.273 ms - -[0m
[0mGET /imageURL/retailers/imageNotFound.jpg [36m304[0m 4.652 ms - -[0m
[0mGET /imageURL/products/imageNotFound.jpg [36m304[0m 0.565 ms - -[0m
[0mGET /imageURL/attendance/imageNotFound.jpg [32m200[0m 4.105 ms - 14085[0m
[0mGET /imageURL/attendance/2024-05-16T05-20-06.897Z_photo.jpg [32m200[0m 1.387 ms - 2341643[0m
[0mGET /imageURL/products/imageNotFound.jpg [36m304[0m 0.606 ms - -[0m
[0mGET /imageURL/retailers/imageNotFound.jpg [36m304[0m 0.823 ms - -[0m
[0mGET /imageURL/products/imageNotFound.jpg [36m304[0m 0.649 ms - -[0m
[0mGET /imageURL/retailers/imageNotFound.jpg [36m304[0m 1.032 ms - -[0m
[0mGET /imageURL/products/imageNotFound.jpg [36m304[0m 0.649 ms - -[0m
[0mGET /imageURL/products/imageNotFound.jpg [36m304[0m 0.537 ms - -[0m
[0mGET /imageURL/products/imageNotFound.jpg [36m304[0m 0.411 ms - -[0m
[0mGET /imageURL/products/imageNotFound.jpg [36m304[0m 0.373 ms - -[0m
[0mGET /imageURL/retailers/imageNotFound.jpg [36m304[0m 0.382 ms - -[0m
[0mGET /imageURL/products/imageNotFound.jpg [36m304[0m 0.660 ms - -[0m
[0mGET /imageURL/attendance/2024-05-16T05-01-47.246Z_photo.jpg [32m200[0m 1.071 ms - 2358551[0m
[0mGET /imageURL/retailers/imageNotFound.jpg [36m304[0m 1.063 ms - -[0m
[0mGET /imageURL/products/imageNotFound.jpg [36m304[0m 1.536 ms - -[0m
[0mGET /imageURL/products/imageNotFound.jpg [36m304[0m 0.346 ms - -[0m
[0mGET /imageURL/products/imageNotFound.jpg [36m304[0m 2.724 ms - -[0m
